{"contracts/BettingMarket.sol":{"l":{"33":10,"40":16,"41":15,"43":14,"44":14,"54":14,"61":8,"62":8,"63":5,"64":4,"66":3,"67":3,"68":3,"70":3,"71":2,"72":2,"73":2,"74":2,"77":3,"78":3},"path":"/media/surya/windows/Users/chint/Desktop/GPP/betting-oracle-system/blockchain/contracts/BettingMarket.sol","s":{"1":16,"2":15,"3":14,"4":14,"5":8,"6":8,"7":5,"8":4,"9":3,"10":3,"11":3,"12":3,"13":2,"14":2,"15":2,"16":3},"b":{"1":[15,1],"2":[14,1],"3":[5,3],"4":[4,1],"5":[3,1],"6":[2,1],"7":[2,0],"8":[2,0]},"f":{"1":10,"2":16,"3":8},"fnMap":{"1":{"name":"constructor","line":32,"loc":{"start":{"line":32,"column":4},"end":{"line":34,"column":4}}},"2":{"name":"placeBet","line":39,"loc":{"start":{"line":39,"column":4},"end":{"line":55,"column":4}}},"3":{"name":"settleBet","line":60,"loc":{"start":{"line":60,"column":4},"end":{"line":79,"column":4}}}},"statementMap":{"1":{"start":{"line":40,"column":8},"end":{"line":40,"column":66}},"2":{"start":{"line":41,"column":8},"end":{"line":41,"column":81}},"3":{"start":{"line":43,"column":8},"end":{"line":43,"column":35}},"4":{"start":{"line":54,"column":8},"end":{"line":54,"column":52}},"5":{"start":{"line":61,"column":8},"end":{"line":61,"column":37}},"6":{"start":{"line":62,"column":8},"end":{"line":62,"column":48}},"7":{"start":{"line":63,"column":8},"end":{"line":63,"column":51}},"8":{"start":{"line":64,"column":8},"end":{"line":64,"column":88}},"9":{"start":{"line":66,"column":8},"end":{"line":66,"column":80}},"10":{"start":{"line":67,"column":8},"end":{"line":67,"column":52}},"11":{"start":{"line":68,"column":8},"end":{"line":68,"column":26}},"12":{"start":{"line":70,"column":8},"end":{"line":70,"column":2166}},"13":{"start":{"line":72,"column":12},"end":{"line":72,"column":84}},"14":{"start":{"line":73,"column":12},"end":{"line":73,"column":74}},"15":{"start":{"line":74,"column":12},"end":{"line":74,"column":44}},"16":{"start":{"line":78,"column":8},"end":{"line":78,"column":43}}},"branchMap":{"1":{"line":40,"type":"if","locations":[{"start":{"line":40,"column":8},"end":{"line":40,"column":8}},{"start":{"line":40,"column":8},"end":{"line":40,"column":8}}]},"2":{"line":41,"type":"if","locations":[{"start":{"line":41,"column":8},"end":{"line":41,"column":8}},{"start":{"line":41,"column":8},"end":{"line":41,"column":8}}]},"3":{"line":62,"type":"if","locations":[{"start":{"line":62,"column":8},"end":{"line":62,"column":8}},{"start":{"line":62,"column":8},"end":{"line":62,"column":8}}]},"4":{"line":63,"type":"if","locations":[{"start":{"line":63,"column":8},"end":{"line":63,"column":8}},{"start":{"line":63,"column":8},"end":{"line":63,"column":8}}]},"5":{"line":64,"type":"if","locations":[{"start":{"line":64,"column":8},"end":{"line":64,"column":8}},{"start":{"line":64,"column":8},"end":{"line":64,"column":8}}]},"6":{"line":70,"type":"if","locations":[{"start":{"line":70,"column":8},"end":{"line":70,"column":8}},{"start":{"line":70,"column":8},"end":{"line":70,"column":8}}]},"7":{"line":72,"type":"if","locations":[{"start":{"line":72,"column":12},"end":{"line":72,"column":12}},{"start":{"line":72,"column":12},"end":{"line":72,"column":12}}]},"8":{"line":74,"type":"if","locations":[{"start":{"line":74,"column":12},"end":{"line":74,"column":12}},{"start":{"line":74,"column":12},"end":{"line":74,"column":12}}]}}},"contracts/SportsOracle.sol":{"l":{"24":30,"25":28,"29":21,"36":17,"38":16,"44":16,"51":11,"52":10,"54":9,"56":9,"63":20,"70":5,"71":5},"path":"/media/surya/windows/Users/chint/Desktop/GPP/betting-oracle-system/blockchain/contracts/SportsOracle.sol","s":{"1":30,"2":17,"3":16,"4":11,"5":10,"6":9,"7":20,"8":5,"9":5},"b":{"1":[28,2],"2":[17,1],"3":[16,1],"4":[11,1],"5":[10,1],"6":[9,1],"7":[5,0]},"f":{"1":30,"2":21,"3":17,"4":11,"5":20,"6":5},"fnMap":{"1":{"name":"onlyOracle","line":23,"loc":{"start":{"line":23,"column":4},"end":{"line":26,"column":4}}},"2":{"name":"constructor","line":28,"loc":{"start":{"line":28,"column":4},"end":{"line":30,"column":4}}},"3":{"name":"submitPlayerData","line":35,"loc":{"start":{"line":35,"column":4},"end":{"line":45,"column":4}}},"4":{"name":"finalizeMatch","line":50,"loc":{"start":{"line":50,"column":4},"end":{"line":57,"column":4}}},"5":{"name":"isFinalized","line":62,"loc":{"start":{"line":62,"column":4},"end":{"line":64,"column":4}}},"6":{"name":"getPointsScored","line":69,"loc":{"start":{"line":69,"column":4},"end":{"line":72,"column":4}}}},"statementMap":{"1":{"start":{"line":24,"column":8},"end":{"line":24,"column":67}},"2":{"start":{"line":36,"column":8},"end":{"line":36,"column":84}},"3":{"start":{"line":44,"column":8},"end":{"line":44,"column":59}},"4":{"start":{"line":51,"column":8},"end":{"line":51,"column":77}},"5":{"start":{"line":52,"column":8},"end":{"line":52,"column":84}},"6":{"start":{"line":56,"column":8},"end":{"line":56,"column":45}},"7":{"start":{"line":63,"column":8},"end":{"line":63,"column":56}},"8":{"start":{"line":70,"column":8},"end":{"line":70,"column":77}},"9":{"start":{"line":71,"column":8},"end":{"line":71,"column":59}}},"branchMap":{"1":{"line":24,"type":"if","locations":[{"start":{"line":24,"column":8},"end":{"line":24,"column":8}},{"start":{"line":24,"column":8},"end":{"line":24,"column":8}}]},"2":{"line":35,"type":"if","locations":[{"start":{"line":35,"column":96},"end":{"line":35,"column":96}},{"start":{"line":35,"column":96},"end":{"line":35,"column":96}}]},"3":{"line":36,"type":"if","locations":[{"start":{"line":36,"column":8},"end":{"line":36,"column":8}},{"start":{"line":36,"column":8},"end":{"line":36,"column":8}}]},"4":{"line":50,"type":"if","locations":[{"start":{"line":50,"column":71},"end":{"line":50,"column":71}},{"start":{"line":50,"column":71},"end":{"line":50,"column":71}}]},"5":{"line":51,"type":"if","locations":[{"start":{"line":51,"column":8},"end":{"line":51,"column":8}},{"start":{"line":51,"column":8},"end":{"line":51,"column":8}}]},"6":{"line":52,"type":"if","locations":[{"start":{"line":52,"column":8},"end":{"line":52,"column":8}},{"start":{"line":52,"column":8},"end":{"line":52,"column":8}}]},"7":{"line":70,"type":"if","locations":[{"start":{"line":70,"column":8},"end":{"line":70,"column":8}},{"start":{"line":70,"column":8},"end":{"line":70,"column":8}}]}}}}